2017-05-27 18:02:25 [com.alibaba.druid.pool.DruidDataSource]-[ERROR] [main] (DruidDataSource.java:706) ->{dataSource-1} init error 
java.sql.SQLException: com.mysql.jdbc.Driver
	at com.alibaba.druid.util.JdbcUtils.createDriver(JdbcUtils.java:566)
	at com.alibaba.druid.pool.DruidDataSource.init(DruidDataSource.java:642)
	at com.gongzhonghao.util.DruidDBPool.<clinit>(DruidDBPool.java:38)
Caused by: java.lang.ClassNotFoundException: com.mysql.jdbc.Driver
	at java.net.URLClassLoader$1.run(URLClassLoader.java:366)
	at java.net.URLClassLoader$1.run(URLClassLoader.java:355)
	at java.security.AccessController.doPrivileged(Native Method)
	at java.net.URLClassLoader.findClass(URLClassLoader.java:354)
	at java.lang.ClassLoader.loadClass(ClassLoader.java:425)
	at sun.misc.Launcher$AppClassLoader.loadClass(Launcher.java:308)
	at java.lang.ClassLoader.loadClass(ClassLoader.java:358)
	at java.lang.Class.forName0(Native Method)
	at java.lang.Class.forName(Class.java:190)
	at com.alibaba.druid.util.JdbcUtils.createDriver(JdbcUtils.java:564)
	... 2 more
2017-05-27 18:02:44 [com.alibaba.druid.pool.DruidDataSource]-[ERROR] [main] (DruidDataSource.java:706) ->{dataSource-1} init error 
java.sql.SQLException: com.mysql.jdbc.Driver
	at com.alibaba.druid.util.JdbcUtils.createDriver(JdbcUtils.java:566)
	at com.alibaba.druid.pool.DruidDataSource.init(DruidDataSource.java:642)
	at com.gongzhonghao.util.DruidDBPool.<clinit>(DruidDBPool.java:38)
Caused by: java.lang.ClassNotFoundException: com.mysql.jdbc.Driver
	at java.net.URLClassLoader$1.run(URLClassLoader.java:366)
	at java.net.URLClassLoader$1.run(URLClassLoader.java:355)
	at java.security.AccessController.doPrivileged(Native Method)
	at java.net.URLClassLoader.findClass(URLClassLoader.java:354)
	at java.lang.ClassLoader.loadClass(ClassLoader.java:425)
	at sun.misc.Launcher$AppClassLoader.loadClass(Launcher.java:308)
	at java.lang.ClassLoader.loadClass(ClassLoader.java:358)
	at java.lang.Class.forName0(Native Method)
	at java.lang.Class.forName(Class.java:190)
	at com.alibaba.druid.util.JdbcUtils.createDriver(JdbcUtils.java:564)
	... 2 more
2017-05-27 18:03:48 [com.alibaba.druid.pool.DruidDataSource]-[INFO] [main] (DruidDataSource.java:715) ->{dataSource-1} inited 
2017-05-27 18:04:19 [com.alibaba.druid.pool.DruidDataSource]-[INFO] [main] (DruidDataSource.java:715) ->{dataSource-1} inited 
2017-05-27 18:05:57 [com.alibaba.druid.pool.DruidDataSource]-[INFO] [main] (DruidDataSource.java:715) ->{dataSource-1} inited 
2017-05-27 18:15:54 [com.alibaba.druid.pool.DruidDataSource]-[INFO] [main] (DruidDataSource.java:715) ->{dataSource-1} inited 
2017-05-27 18:15:54 [com.gongzhonghao.util.DruidDBPool]-[INFO] [main] (DruidDBPool.java:42) ->{
	CreateTime:"2017-05-27 18:15:54",
	ActiveCount:0,
	PoolingCount:5,
	CreateCount:5,
	DestroyCount:0,
	CloseCount:0,
	ConnectCount:0,
	Connections:[
		{ID:769244863, ConnectTime:"2017-05-27 18:15:54", UseCount:0, LastActiveTime:"2017-05-27 18:15:54"},
		{ID:846857501, ConnectTime:"2017-05-27 18:15:54", UseCount:0, LastActiveTime:"2017-05-27 18:15:54"},
		{ID:1759890638, ConnectTime:"2017-05-27 18:15:54", UseCount:0, LastActiveTime:"2017-05-27 18:15:54"},
		{ID:1189682735, ConnectTime:"2017-05-27 18:15:54", UseCount:0, LastActiveTime:"2017-05-27 18:15:54"},
		{ID:1924973575, ConnectTime:"2017-05-27 18:15:54", UseCount:0, LastActiveTime:"2017-05-27 18:15:54"}
	]
} 
